<?xml version="1.0" encoding="utf-8"?>
<testsuites>
  <testsuite name="pytest" errors="0" failures="2" skipped="0" tests="3" time="0.064" timestamp="2025-01-08T14:21:09.118" hostname="ci">
    <testcase classname="tests.test_math" name="test_add" file="tests/test_math.py" line="3" time="0.002">
      <failure message="assert (1 + 1) == 3">def test_add():
&gt;       assert 1 + 1 == 3
E       assert (1 + 1) == 3

tests/test_math.py:4: AssertionError</failure>
    </testcase>
    <testcase classname="tests.test_math" name="test_double" file="tests/test_math.py" line="7" time="0.001"/>
    <testcase classname="tests.test_math" name="test_sub" file="tests/test_math.py" line="9" time="0.001">
      <failure message="assert (5 - 2) == 4">def test_sub():
&gt;       assert 5 - 2 == 4
E       assert (5 - 2) == 4

tests/test_math.py:10: AssertionError</failure>
    </testcase>
  </testsuite>
</testsuites>
